[debug] [2023-01-19T14:53:14.450Z] ----------------------------------------------------------------------
[debug] [2023-01-19T14:53:14.451Z] Command:       /usr/local/bin/node /usr/local/bin/firebase deploy --only functions
[debug] [2023-01-19T14:53:14.451Z] CLI Version:   11.19.0
[debug] [2023-01-19T14:53:14.451Z] Platform:      darwin
[debug] [2023-01-19T14:53:14.451Z] Node Version:  v16.15.0
[debug] [2023-01-19T14:53:14.456Z] Time:          Thu Jan 19 2023 23:53:14 GMT+0900 (Japan Standard Time)
[debug] [2023-01-19T14:53:14.456Z] ----------------------------------------------------------------------
[debug] 
[debug] [2023-01-19T14:53:14.488Z] > command requires scopes: ["email","openid","https://www.googleapis.com/auth/cloudplatformprojects.readonly","https://www.googleapis.com/auth/firebase","https://www.googleapis.com/auth/cloud-platform"]
[debug] [2023-01-19T14:53:14.488Z] > authorizing via signed-in user (ewchoi98@gmail.com)
[debug] [2023-01-19T14:53:14.488Z] [iam] checking project diary30wooserver for permissions ["cloudfunctions.functions.create","cloudfunctions.functions.delete","cloudfunctions.functions.get","cloudfunctions.functions.list","cloudfunctions.functions.update","cloudfunctions.operations.get","firebase.projects.get"]
[debug] [2023-01-19T14:53:14.489Z] >>> [apiv2][query] POST https://cloudresourcemanager.googleapis.com/v1/projects/diary30wooserver:testIamPermissions [none]
[debug] [2023-01-19T14:53:14.489Z] >>> [apiv2][(partial)header] POST https://cloudresourcemanager.googleapis.com/v1/projects/diary30wooserver:testIamPermissions x-goog-quota-user=projects/diary30wooserver
[debug] [2023-01-19T14:53:14.489Z] >>> [apiv2][body] POST https://cloudresourcemanager.googleapis.com/v1/projects/diary30wooserver:testIamPermissions {"permissions":["cloudfunctions.functions.create","cloudfunctions.functions.delete","cloudfunctions.functions.get","cloudfunctions.functions.list","cloudfunctions.functions.update","cloudfunctions.operations.get","firebase.projects.get"]}
[debug] [2023-01-19T14:53:15.489Z] <<< [apiv2][status] POST https://cloudresourcemanager.googleapis.com/v1/projects/diary30wooserver:testIamPermissions 200
[debug] [2023-01-19T14:53:15.489Z] <<< [apiv2][body] POST https://cloudresourcemanager.googleapis.com/v1/projects/diary30wooserver:testIamPermissions {"permissions":["cloudfunctions.functions.create","cloudfunctions.functions.delete","cloudfunctions.functions.get","cloudfunctions.functions.list","cloudfunctions.functions.update","cloudfunctions.operations.get","firebase.projects.get"]}
[debug] [2023-01-19T14:53:15.490Z] >>> [apiv2][query] POST https://iam.googleapis.com/v1/projects/diary30wooserver/serviceAccounts/diary30wooserver@appspot.gserviceaccount.com:testIamPermissions [none]
[debug] [2023-01-19T14:53:15.490Z] >>> [apiv2][body] POST https://iam.googleapis.com/v1/projects/diary30wooserver/serviceAccounts/diary30wooserver@appspot.gserviceaccount.com:testIamPermissions {"permissions":["iam.serviceAccounts.actAs"]}
[debug] [2023-01-19T14:53:16.300Z] <<< [apiv2][status] POST https://iam.googleapis.com/v1/projects/diary30wooserver/serviceAccounts/diary30wooserver@appspot.gserviceaccount.com:testIamPermissions 200
[debug] [2023-01-19T14:53:16.300Z] <<< [apiv2][body] POST https://iam.googleapis.com/v1/projects/diary30wooserver/serviceAccounts/diary30wooserver@appspot.gserviceaccount.com:testIamPermissions {"permissions":["iam.serviceAccounts.actAs"]}
[info] 
[info] === Deploying to 'diary30wooserver'...
[info] 
[info] i  deploying functions 
[debug] [2023-01-19T14:53:16.303Z] >>> [apiv2][query] GET https://firebase.googleapis.com/v1beta1/projects/diary30wooserver [none]
[debug] [2023-01-19T14:53:17.018Z] <<< [apiv2][status] GET https://firebase.googleapis.com/v1beta1/projects/diary30wooserver 200
[debug] [2023-01-19T14:53:17.018Z] <<< [apiv2][body] GET https://firebase.googleapis.com/v1beta1/projects/diary30wooserver {"projectId":"diary30wooserver","projectNumber":"297729356602","displayName":"diary30wooserver","name":"projects/diary30wooserver","resources":{"hostingSite":"diary30wooserver"},"state":"ACTIVE","etag":"1_8c183558-b1a6-49cb-87d2-66c23453e873"}
[info] i  functions: preparing codebase default for deployment 
[info] i  functions: ensuring required API cloudfunctions.googleapis.com is enabled... 
[info] i  functions: ensuring required API cloudbuild.googleapis.com is enabled... 
[info] i  artifactregistry: ensuring required API artifactregistry.googleapis.com is enabled... 
[debug] [2023-01-19T14:53:17.021Z] >>> [apiv2][query] GET https://serviceusage.googleapis.com/v1/projects/diary30wooserver/services/cloudfunctions.googleapis.com [none]
[debug] [2023-01-19T14:53:17.021Z] >>> [apiv2][(partial)header] GET https://serviceusage.googleapis.com/v1/projects/diary30wooserver/services/cloudfunctions.googleapis.com x-goog-quota-user=projects/diary30wooserver
[debug] [2023-01-19T14:53:17.023Z] >>> [apiv2][query] GET https://serviceusage.googleapis.com/v1/projects/diary30wooserver/services/runtimeconfig.googleapis.com [none]
[debug] [2023-01-19T14:53:17.023Z] >>> [apiv2][(partial)header] GET https://serviceusage.googleapis.com/v1/projects/diary30wooserver/services/runtimeconfig.googleapis.com x-goog-quota-user=projects/diary30wooserver
[debug] [2023-01-19T14:53:17.023Z] >>> [apiv2][query] GET https://serviceusage.googleapis.com/v1/projects/diary30wooserver/services/cloudbuild.googleapis.com [none]
[debug] [2023-01-19T14:53:17.024Z] >>> [apiv2][(partial)header] GET https://serviceusage.googleapis.com/v1/projects/diary30wooserver/services/cloudbuild.googleapis.com x-goog-quota-user=projects/diary30wooserver
[debug] [2023-01-19T14:53:17.024Z] >>> [apiv2][query] GET https://serviceusage.googleapis.com/v1/projects/diary30wooserver/services/artifactregistry.googleapis.com [none]
[debug] [2023-01-19T14:53:17.024Z] >>> [apiv2][(partial)header] GET https://serviceusage.googleapis.com/v1/projects/diary30wooserver/services/artifactregistry.googleapis.com x-goog-quota-user=projects/diary30wooserver
[debug] [2023-01-19T14:53:18.247Z] <<< [apiv2][status] GET https://serviceusage.googleapis.com/v1/projects/diary30wooserver/services/cloudbuild.googleapis.com 200
[debug] [2023-01-19T14:53:18.248Z] <<< [apiv2][body] GET https://serviceusage.googleapis.com/v1/projects/diary30wooserver/services/cloudbuild.googleapis.com [omitted]
[info] ✔  functions: required API cloudbuild.googleapis.com is enabled 
[debug] [2023-01-19T14:53:18.249Z] <<< [apiv2][status] GET https://serviceusage.googleapis.com/v1/projects/diary30wooserver/services/artifactregistry.googleapis.com 200
[debug] [2023-01-19T14:53:18.249Z] <<< [apiv2][body] GET https://serviceusage.googleapis.com/v1/projects/diary30wooserver/services/artifactregistry.googleapis.com [omitted]
[info] ✔  artifactregistry: required API artifactregistry.googleapis.com is enabled 
[debug] [2023-01-19T14:53:18.250Z] <<< [apiv2][status] GET https://serviceusage.googleapis.com/v1/projects/diary30wooserver/services/runtimeconfig.googleapis.com 200
[debug] [2023-01-19T14:53:18.250Z] <<< [apiv2][body] GET https://serviceusage.googleapis.com/v1/projects/diary30wooserver/services/runtimeconfig.googleapis.com [omitted]
[debug] [2023-01-19T14:53:18.251Z] <<< [apiv2][status] GET https://serviceusage.googleapis.com/v1/projects/diary30wooserver/services/cloudfunctions.googleapis.com 200
[debug] [2023-01-19T14:53:18.251Z] <<< [apiv2][body] GET https://serviceusage.googleapis.com/v1/projects/diary30wooserver/services/cloudfunctions.googleapis.com [omitted]
[info] ✔  functions: required API cloudfunctions.googleapis.com is enabled 
[debug] [2023-01-19T14:53:18.252Z] >>> [apiv2][query] GET https://firebase.googleapis.com/v1beta1/projects/diary30wooserver/adminSdkConfig [none]
[debug] [2023-01-19T14:53:18.646Z] <<< [apiv2][status] GET https://firebase.googleapis.com/v1beta1/projects/diary30wooserver/adminSdkConfig 200
[debug] [2023-01-19T14:53:18.646Z] <<< [apiv2][body] GET https://firebase.googleapis.com/v1beta1/projects/diary30wooserver/adminSdkConfig {"projectId":"diary30wooserver","storageBucket":"diary30wooserver.appspot.com"}
[debug] [2023-01-19T14:53:18.647Z] >>> [apiv2][query] GET https://runtimeconfig.googleapis.com/v1beta1/projects/diary30wooserver/configs [none]
[debug] [2023-01-19T14:53:19.077Z] <<< [apiv2][status] GET https://runtimeconfig.googleapis.com/v1beta1/projects/diary30wooserver/configs 200
[debug] [2023-01-19T14:53:19.077Z] <<< [apiv2][body] GET https://runtimeconfig.googleapis.com/v1beta1/projects/diary30wooserver/configs {}
[debug] [2023-01-19T14:53:19.080Z] Validating nodejs source
[warn] ⚠  functions: package.json indicates an outdated version of firebase-functions. Please upgrade using npm install --save firebase-functions@latest in your functions directory. 
[warn] ⚠  functions: Please note that there will be breaking changes when you upgrade. 
[debug] [2023-01-19T14:53:19.395Z] > [functions] package.json contents: {
  "name": "functions",
  "description": "Cloud Functions for Firebase",
  "scripts": {
    "serve": "firebase emulators:start --only functions",
    "shell": "firebase functions:shell",
    "start": "npm run shell",
    "deploy": "firebase deploy --only functions",
    "logs": "firebase functions:log"
  },
  "engines": {
    "node": "16"
  },
  "main": "index.js",
  "dependencies": {
    "firebase-admin": "^10.0.2",
    "firebase-functions": "^3.18.0"
  },
  "devDependencies": {
    "firebase-functions-test": "^0.2.0"
  },
  "private": true
}
[debug] [2023-01-19T14:53:19.395Z] Building nodejs source
[debug] [2023-01-19T14:53:19.396Z] Could not find functions.yaml. Must use http discovery
[debug] [2023-01-19T14:53:19.496Z] Serving at port 9005

[debug] [2023-01-19T14:53:19.881Z] Got response from /__/functions.yaml {"endpoints":{"app":{"platform":"gcfv1","httpsTrigger":{},"entryPoint":"app"}},"specVersion":"v1alpha1","requiredAPIs":[]}
[debug] [2023-01-19T14:53:19.885Z] shutdown requested via /__/quitquitquit

[info] i  functions: preparing functions directory for uploading... 
[info] i  functions: packaged /Users/eunewoo/Desktop/server/functions (58.89 KB) for uploading 
[debug] [2023-01-19T14:53:29.938Z] >>> [apiv2][query] GET https://cloudfunctions.googleapis.com/v1/projects/diary30wooserver/locations/-/functions [none]
[debug] [2023-01-19T14:53:32.029Z] <<< [apiv2][status] GET https://cloudfunctions.googleapis.com/v1/projects/diary30wooserver/locations/-/functions 200
[debug] [2023-01-19T14:53:32.029Z] <<< [apiv2][body] GET https://cloudfunctions.googleapis.com/v1/projects/diary30wooserver/locations/-/functions {"functions":[{"name":"projects/diary30wooserver/locations/asia-northeast3/functions/generalserver","httpsTrigger":{"url":"https://asia-northeast3-diary30wooserver.cloudfunctions.net/generalserver","securityLevel":"SECURE_ALWAYS"},"status":"ACTIVE","entryPoint":"HelloWorld","timeout":"60s","availableMemoryMb":256,"serviceAccountEmail":"diary30wooserver@appspot.gserviceaccount.com","updateTime":"2023-01-19T14:10:14.459Z","versionId":"1","labels":{"deployment-tool":"console-cloud"},"sourceUploadUrl":"https://storage.googleapis.com/uploads-260320861326.asia-northeast3.cloudfunctions.appspot.com/cc095a30-6392-4d53-abba-e8a54a176ef1.zip","runtime":"go111","maxInstances":3000,"ingressSettings":"ALLOW_ALL","buildId":"dd9ad416-181a-4baa-860b-9840f14c9b79","buildName":"projects/297729356602/locations/asia-northeast3/builds/dd9ad416-181a-4baa-860b-9840f14c9b79","dockerRegistry":"CONTAINER_REGISTRY"},{"name":"projects/diary30wooserver/locations/us-central1/functions/app","httpsTrigger":{"url":"https://us-central1-diary30wooserver.cloudfunctions.net/app","securityLevel":"SECURE_ALWAYS"},"status":"ACTIVE","entryPoint":"app","timeout":"60s","availableMemoryMb":256,"serviceAccountEmail":"diary30wooserver@appspot.gserviceaccount.com","updateTime":"2023-01-19T14:34:23.759Z","versionId":"1","labels":{"deployment-tool":"cli-firebase","firebase-functions-hash":"2555752870a32bbc1a71e154f560635afe157a26"},"sourceUploadUrl":"https://storage.googleapis.com/uploads-216035955744.us-central1.cloudfunctions.appspot.com/78b97264-e18a-44b1-93a0-28c56bc693bd.zip","environmentVariables":{"FIREBASE_CONFIG":"{\"projectId\":\"diary30wooserver\",\"storageBucket\":\"diary30wooserver.appspot.com\"}","GCLOUD_PROJECT":"diary30wooserver","EVENTARC_CLOUD_EVENT_SOURCE":"projects/diary30wooserver/locations/us-central1/functions/app"},"runtime":"nodejs16","ingressSettings":"ALLOW_ALL","buildId":"e72d7bd5-3352-4a1d-a58f-93f6cc3fb419","buildName":"projects/297729356602/locations/us-central1/builds/e72d7bd5-3352-4a1d-a58f-93f6cc3fb419","dockerRegistry":"ARTIFACT_REGISTRY"}]}
[debug] [2023-01-19T14:53:32.030Z] GCFv1 function has a deprecated runtime: {
  "name": "projects/diary30wooserver/locations/asia-northeast3/functions/generalserver",
  "httpsTrigger": {
    "url": "https://asia-northeast3-diary30wooserver.cloudfunctions.net/generalserver",
    "securityLevel": "SECURE_ALWAYS"
  },
  "status": "ACTIVE",
  "entryPoint": "HelloWorld",
  "timeout": "60s",
  "availableMemoryMb": 256,
  "serviceAccountEmail": "diary30wooserver@appspot.gserviceaccount.com",
  "updateTime": "2023-01-19T14:10:14.459Z",
  "versionId": "1",
  "labels": {
    "deployment-tool": "console-cloud"
  },
  "sourceUploadUrl": "https://storage.googleapis.com/uploads-260320861326.asia-northeast3.cloudfunctions.appspot.com/cc095a30-6392-4d53-abba-e8a54a176ef1.zip",
  "runtime": "go111",
  "maxInstances": 3000,
  "ingressSettings": "ALLOW_ALL",
  "buildId": "dd9ad416-181a-4baa-860b-9840f14c9b79",
  "buildName": "projects/297729356602/locations/asia-northeast3/builds/dd9ad416-181a-4baa-860b-9840f14c9b79",
  "dockerRegistry": "CONTAINER_REGISTRY"
}
[debug] [2023-01-19T14:53:32.031Z] >>> [apiv2][query] GET https://cloudfunctions.googleapis.com/v2/projects/diary30wooserver/locations/-/functions filter=environment%3D%22GEN_2%22
[debug] [2023-01-19T14:53:33.812Z] <<< [apiv2][status] GET https://cloudfunctions.googleapis.com/v2/projects/diary30wooserver/locations/-/functions 200
[debug] [2023-01-19T14:53:33.812Z] <<< [apiv2][body] GET https://cloudfunctions.googleapis.com/v2/projects/diary30wooserver/locations/-/functions {}
[debug] [2023-01-19T14:53:33.819Z] >>> [apiv2][query] GET https://firebase.googleapis.com/v1beta1/projects/diary30wooserver [none]
[debug] [2023-01-19T14:53:34.274Z] <<< [apiv2][status] GET https://firebase.googleapis.com/v1beta1/projects/diary30wooserver 200
[debug] [2023-01-19T14:53:34.274Z] <<< [apiv2][body] GET https://firebase.googleapis.com/v1beta1/projects/diary30wooserver {"projectId":"diary30wooserver","projectNumber":"297729356602","displayName":"diary30wooserver","name":"projects/diary30wooserver","resources":{"hostingSite":"diary30wooserver"},"state":"ACTIVE","etag":"1_8c183558-b1a6-49cb-87d2-66c23453e873"}
[debug] [2023-01-19T14:53:34.277Z] >>> [apiv2][query] POST https://cloudfunctions.googleapis.com/v1/projects/diary30wooserver/locations/us-central1/functions:generateUploadUrl [none]
[debug] [2023-01-19T14:53:34.277Z] >>> [apiv2][body] POST https://cloudfunctions.googleapis.com/v1/projects/diary30wooserver/locations/us-central1/functions:generateUploadUrl {}
[debug] [2023-01-19T14:53:35.038Z] <<< [apiv2][status] POST https://cloudfunctions.googleapis.com/v1/projects/diary30wooserver/locations/us-central1/functions:generateUploadUrl 200
[debug] [2023-01-19T14:53:35.038Z] <<< [apiv2][body] POST https://cloudfunctions.googleapis.com/v1/projects/diary30wooserver/locations/us-central1/functions:generateUploadUrl {"uploadUrl":"https://storage.googleapis.com/uploads-216035955744.us-central1.cloudfunctions.appspot.com/3c56271c-ccd5-425f-97b3-d89003a6b1fd.zip?GoogleAccessId=service-297729356602@gcf-admin-robot.iam.gserviceaccount.com&Expires=1674141814&Signature=CtokRQ6sqw4IidZ5jutDjhl%2FGMwgXv%2BXXucO%2FqxwBMn14%2BeY5m9uUqIdQsEOdUZ90eMYPczpSCJ6QkpU9H1v7jht%2BT1dvdDRuerQnSqillTin%2ByoUnacFnIuv9%2FO9h31RKZVGcxiIzT1AeAG65O7DwjhC7HphEJ9eKESaGGfFZPmuLNNSWMZFPvizm7oTgvsqJHXKs%2BZhx96qYoFChxPmqGapdELV%2BsyjwMZFNjYj5TtjvWAsN78CTuofNPWDLQi4CQd6WZ%2Bt9fCtF5z1A%2FU2AD51e9y9MtbJcheI%2Bq32eG5uSgncVmb2DKyZGQnnHw1NniL%2BvVBODSyV7C0XAKKsw%3D%3D"}
[debug] [2023-01-19T14:53:35.039Z] >>> [apiv2][query] PUT https://storage.googleapis.com/uploads-216035955744.us-central1.cloudfunctions.appspot.com/3c56271c-ccd5-425f-97b3-d89003a6b1fd.zip GoogleAccessId=service-297729356602%40gcf-admin-robot.iam.gserviceaccount.com&Expires=1674141814&Signature=CtokRQ6sqw4IidZ5jutDjhl%2FGMwgXv%2BXXucO%2FqxwBMn14%2BeY5m9uUqIdQsEOdUZ90eMYPczpSCJ6QkpU9H1v7jht%2BT1dvdDRuerQnSqillTin%2ByoUnacFnIuv9%2FO9h31RKZVGcxiIzT1AeAG65O7DwjhC7HphEJ9eKESaGGfFZPmuLNNSWMZFPvizm7oTgvsqJHXKs%2BZhx96qYoFChxPmqGapdELV%2BsyjwMZFNjYj5TtjvWAsN78CTuofNPWDLQi4CQd6WZ%2Bt9fCtF5z1A%2FU2AD51e9y9MtbJcheI%2Bq32eG5uSgncVmb2DKyZGQnnHw1NniL%2BvVBODSyV7C0XAKKsw%3D%3D
[debug] [2023-01-19T14:53:35.039Z] >>> [apiv2][body] PUT https://storage.googleapis.com/uploads-216035955744.us-central1.cloudfunctions.appspot.com/3c56271c-ccd5-425f-97b3-d89003a6b1fd.zip [stream]
[debug] [2023-01-19T14:53:35.393Z] <<< [apiv2][status] PUT https://storage.googleapis.com/uploads-216035955744.us-central1.cloudfunctions.appspot.com/3c56271c-ccd5-425f-97b3-d89003a6b1fd.zip 200
[debug] [2023-01-19T14:53:35.394Z] <<< [apiv2][body] PUT https://storage.googleapis.com/uploads-216035955744.us-central1.cloudfunctions.appspot.com/3c56271c-ccd5-425f-97b3-d89003a6b1fd.zip [omitted]
[info] ✔  functions: functions folder uploaded successfully 
[info] i  functions: updating Node.js 16 function app(us-central1)... 
[debug] [2023-01-19T14:53:35.401Z] >>> [apiv2][query] PATCH https://cloudfunctions.googleapis.com/v1/projects/diary30wooserver/locations/us-central1/functions/app updateMask=name%2CsourceUploadUrl%2CentryPoint%2Cruntime%2CdockerRegistry%2Clabels%2ChttpsTrigger.securityLevel%2CenvironmentVariables%2CavailableMemoryMb%2CsourceToken
[debug] [2023-01-19T14:53:35.401Z] >>> [apiv2][body] PATCH https://cloudfunctions.googleapis.com/v1/projects/diary30wooserver/locations/us-central1/functions/app {"name":"projects/diary30wooserver/locations/us-central1/functions/app","sourceUploadUrl":"https://storage.googleapis.com/uploads-216035955744.us-central1.cloudfunctions.appspot.com/3c56271c-ccd5-425f-97b3-d89003a6b1fd.zip?GoogleAccessId=service-297729356602@gcf-admin-robot.iam.gserviceaccount.com&Expires=1674141814&Signature=CtokRQ6sqw4IidZ5jutDjhl%2FGMwgXv%2BXXucO%2FqxwBMn14%2BeY5m9uUqIdQsEOdUZ90eMYPczpSCJ6QkpU9H1v7jht%2BT1dvdDRuerQnSqillTin%2ByoUnacFnIuv9%2FO9h31RKZVGcxiIzT1AeAG65O7DwjhC7HphEJ9eKESaGGfFZPmuLNNSWMZFPvizm7oTgvsqJHXKs%2BZhx96qYoFChxPmqGapdELV%2BsyjwMZFNjYj5TtjvWAsN78CTuofNPWDLQi4CQd6WZ%2Bt9fCtF5z1A%2FU2AD51e9y9MtbJcheI%2Bq32eG5uSgncVmb2DKyZGQnnHw1NniL%2BvVBODSyV7C0XAKKsw%3D%3D","entryPoint":"app","runtime":"nodejs16","dockerRegistry":"ARTIFACT_REGISTRY","labels":{"deployment-tool":"cli-firebase","firebase-functions-hash":"63746a1e284c4d53e3bb2c6f3cce3790277154f4"},"httpsTrigger":{"securityLevel":"SECURE_ALWAYS"},"environmentVariables":{"FIREBASE_CONFIG":"{\"projectId\":\"diary30wooserver\",\"storageBucket\":\"diary30wooserver.appspot.com\"}","GCLOUD_PROJECT":"diary30wooserver","EVENTARC_CLOUD_EVENT_SOURCE":"projects/diary30wooserver/locations/us-central1/functions/app"},"availableMemoryMb":256}
[debug] [2023-01-19T14:53:36.472Z] <<< [apiv2][status] PATCH https://cloudfunctions.googleapis.com/v1/projects/diary30wooserver/locations/us-central1/functions/app 200
[debug] [2023-01-19T14:53:36.473Z] <<< [apiv2][body] PATCH https://cloudfunctions.googleapis.com/v1/projects/diary30wooserver/locations/us-central1/functions/app {"name":"operations/ZGlhcnkzMHdvb3NlcnZlci91cy1jZW50cmFsMS9hcHAvckY2SXVESjRoa0U","metadata":{"@type":"type.googleapis.com/google.cloud.functions.v1.OperationMetadataV1","target":"projects/diary30wooserver/locations/us-central1/functions/app","type":"UPDATE_FUNCTION","request":{"@type":"type.googleapis.com/google.cloud.functions.v1.CloudFunction","name":"projects/diary30wooserver/locations/us-central1/functions/app","httpsTrigger":{"url":"https://us-central1-diary30wooserver.cloudfunctions.net/app","securityLevel":"SECURE_ALWAYS"},"status":"ACTIVE","entryPoint":"app","timeout":"60s","availableMemoryMb":256,"serviceAccountEmail":"diary30wooserver@appspot.gserviceaccount.com","updateTime":"2023-01-19T14:34:23.759Z","versionId":"1","labels":{"deployment-tool":"cli-firebase","firebase-functions-hash":"63746a1e284c4d53e3bb2c6f3cce3790277154f4"},"sourceUploadUrl":"https://storage.googleapis.com/uploads-216035955744.us-central1.cloudfunctions.appspot.com/3c56271c-ccd5-425f-97b3-d89003a6b1fd.zip?GoogleAccessId=service-297729356602@gcf-admin-robot.iam.gserviceaccount.com&Expires=1674141814&Signature=CtokRQ6sqw4IidZ5jutDjhl%2FGMwgXv%2BXXucO%2FqxwBMn14%2BeY5m9uUqIdQsEOdUZ90eMYPczpSCJ6QkpU9H1v7jht%2BT1dvdDRuerQnSqillTin%2ByoUnacFnIuv9%2FO9h31RKZVGcxiIzT1AeAG65O7DwjhC7HphEJ9eKESaGGfFZPmuLNNSWMZFPvizm7oTgvsqJHXKs%2BZhx96qYoFChxPmqGapdELV%2BsyjwMZFNjYj5TtjvWAsN78CTuofNPWDLQi4CQd6WZ%2Bt9fCtF5z1A%2FU2AD51e9y9MtbJcheI%2Bq32eG5uSgncVmb2DKyZGQnnHw1NniL%2BvVBODSyV7C0XAKKsw%3D%3D","environmentVariables":{"FIREBASE_CONFIG":"{\"projectId\":\"diary30wooserver\",\"storageBucket\":\"diary30wooserver.appspot.com\"}","GCLOUD_PROJECT":"diary30wooserver","EVENTARC_CLOUD_EVENT_SOURCE":"projects/diary30wooserver/locations/us-central1/functions/app"},"runtime":"nodejs16","ingressSettings":"ALLOW_ALL","buildId":"e72d7bd5-3352-4a1d-a58f-93f6cc3fb419","buildName":"projects/297729356602/locations/us-central1/builds/e72d7bd5-3352-4a1d-a58f-93f6cc3fb419","dockerRegistry":"ARTIFACT_REGISTRY"},"versionId":"4","updateTime":"2023-01-19T14:53:36Z"}}
[debug] [2023-01-19T14:53:36.474Z] >>> [apiv2][query] GET https://cloudfunctions.googleapis.com/v1/operations/ZGlhcnkzMHdvb3NlcnZlci91cy1jZW50cmFsMS9hcHAvckY2SXVESjRoa0U [none]
[debug] [2023-01-19T14:53:36.934Z] <<< [apiv2][status] GET https://cloudfunctions.googleapis.com/v1/operations/ZGlhcnkzMHdvb3NlcnZlci91cy1jZW50cmFsMS9hcHAvckY2SXVESjRoa0U 200
[debug] [2023-01-19T14:53:36.935Z] <<< [apiv2][body] GET https://cloudfunctions.googleapis.com/v1/operations/ZGlhcnkzMHdvb3NlcnZlci91cy1jZW50cmFsMS9hcHAvckY2SXVESjRoa0U {"name":"operations/ZGlhcnkzMHdvb3NlcnZlci91cy1jZW50cmFsMS9hcHAvckY2SXVESjRoa0U","metadata":{"@type":"type.googleapis.com/google.cloud.functions.v1.OperationMetadataV1","target":"projects/diary30wooserver/locations/us-central1/functions/app","type":"UPDATE_FUNCTION","request":{"@type":"type.googleapis.com/google.cloud.functions.v1.CloudFunction","name":"projects/diary30wooserver/locations/us-central1/functions/app","httpsTrigger":{"url":"https://us-central1-diary30wooserver.cloudfunctions.net/app","securityLevel":"SECURE_ALWAYS"},"status":"ACTIVE","entryPoint":"app","timeout":"60s","availableMemoryMb":256,"serviceAccountEmail":"diary30wooserver@appspot.gserviceaccount.com","updateTime":"2023-01-19T14:34:23.759Z","versionId":"1","labels":{"deployment-tool":"cli-firebase","firebase-functions-hash":"63746a1e284c4d53e3bb2c6f3cce3790277154f4"},"sourceUploadUrl":"https://storage.googleapis.com/uploads-216035955744.us-central1.cloudfunctions.appspot.com/3c56271c-ccd5-425f-97b3-d89003a6b1fd.zip?GoogleAccessId=service-297729356602@gcf-admin-robot.iam.gserviceaccount.com&Expires=1674141814&Signature=CtokRQ6sqw4IidZ5jutDjhl%2FGMwgXv%2BXXucO%2FqxwBMn14%2BeY5m9uUqIdQsEOdUZ90eMYPczpSCJ6QkpU9H1v7jht%2BT1dvdDRuerQnSqillTin%2ByoUnacFnIuv9%2FO9h31RKZVGcxiIzT1AeAG65O7DwjhC7HphEJ9eKESaGGfFZPmuLNNSWMZFPvizm7oTgvsqJHXKs%2BZhx96qYoFChxPmqGapdELV%2BsyjwMZFNjYj5TtjvWAsN78CTuofNPWDLQi4CQd6WZ%2Bt9fCtF5z1A%2FU2AD51e9y9MtbJcheI%2Bq32eG5uSgncVmb2DKyZGQnnHw1NniL%2BvVBODSyV7C0XAKKsw%3D%3D","environmentVariables":{"FIREBASE_CONFIG":"{\"projectId\":\"diary30wooserver\",\"storageBucket\":\"diary30wooserver.appspot.com\"}","GCLOUD_PROJECT":"diary30wooserver","EVENTARC_CLOUD_EVENT_SOURCE":"projects/diary30wooserver/locations/us-central1/functions/app"},"runtime":"nodejs16","ingressSettings":"ALLOW_ALL","buildId":"e72d7bd5-3352-4a1d-a58f-93f6cc3fb419","buildName":"projects/297729356602/locations/us-central1/builds/e72d7bd5-3352-4a1d-a58f-93f6cc3fb419","dockerRegistry":"ARTIFACT_REGISTRY"},"versionId":"4","updateTime":"2023-01-19T14:53:36Z"}}
[debug] [2023-01-19T14:53:37.438Z] [update-default-us-central1-app] Retrying task index 0
[debug] [2023-01-19T14:53:37.439Z] >>> [apiv2][query] GET https://cloudfunctions.googleapis.com/v1/operations/ZGlhcnkzMHdvb3NlcnZlci91cy1jZW50cmFsMS9hcHAvckY2SXVESjRoa0U [none]
[debug] [2023-01-19T14:53:38.011Z] <<< [apiv2][status] GET https://cloudfunctions.googleapis.com/v1/operations/ZGlhcnkzMHdvb3NlcnZlci91cy1jZW50cmFsMS9hcHAvckY2SXVESjRoa0U 200
[debug] [2023-01-19T14:53:38.012Z] <<< [apiv2][body] GET https://cloudfunctions.googleapis.com/v1/operations/ZGlhcnkzMHdvb3NlcnZlci91cy1jZW50cmFsMS9hcHAvckY2SXVESjRoa0U {"name":"operations/ZGlhcnkzMHdvb3NlcnZlci91cy1jZW50cmFsMS9hcHAvckY2SXVESjRoa0U","metadata":{"@type":"type.googleapis.com/google.cloud.functions.v1.OperationMetadataV1","target":"projects/diary30wooserver/locations/us-central1/functions/app","type":"UPDATE_FUNCTION","request":{"@type":"type.googleapis.com/google.cloud.functions.v1.CloudFunction","name":"projects/diary30wooserver/locations/us-central1/functions/app","httpsTrigger":{"url":"https://us-central1-diary30wooserver.cloudfunctions.net/app","securityLevel":"SECURE_ALWAYS"},"status":"ACTIVE","entryPoint":"app","timeout":"60s","availableMemoryMb":256,"serviceAccountEmail":"diary30wooserver@appspot.gserviceaccount.com","updateTime":"2023-01-19T14:34:23.759Z","versionId":"1","labels":{"deployment-tool":"cli-firebase","firebase-functions-hash":"63746a1e284c4d53e3bb2c6f3cce3790277154f4"},"sourceUploadUrl":"https://storage.googleapis.com/uploads-216035955744.us-central1.cloudfunctions.appspot.com/3c56271c-ccd5-425f-97b3-d89003a6b1fd.zip?GoogleAccessId=service-297729356602@gcf-admin-robot.iam.gserviceaccount.com&Expires=1674141814&Signature=CtokRQ6sqw4IidZ5jutDjhl%2FGMwgXv%2BXXucO%2FqxwBMn14%2BeY5m9uUqIdQsEOdUZ90eMYPczpSCJ6QkpU9H1v7jht%2BT1dvdDRuerQnSqillTin%2ByoUnacFnIuv9%2FO9h31RKZVGcxiIzT1AeAG65O7DwjhC7HphEJ9eKESaGGfFZPmuLNNSWMZFPvizm7oTgvsqJHXKs%2BZhx96qYoFChxPmqGapdELV%2BsyjwMZFNjYj5TtjvWAsN78CTuofNPWDLQi4CQd6WZ%2Bt9fCtF5z1A%2FU2AD51e9y9MtbJcheI%2Bq32eG5uSgncVmb2DKyZGQnnHw1NniL%2BvVBODSyV7C0XAKKsw%3D%3D","environmentVariables":{"FIREBASE_CONFIG":"{\"projectId\":\"diary30wooserver\",\"storageBucket\":\"diary30wooserver.appspot.com\"}","GCLOUD_PROJECT":"diary30wooserver","EVENTARC_CLOUD_EVENT_SOURCE":"projects/diary30wooserver/locations/us-central1/functions/app"},"runtime":"nodejs16","ingressSettings":"ALLOW_ALL","buildId":"e72d7bd5-3352-4a1d-a58f-93f6cc3fb419","buildName":"projects/297729356602/locations/us-central1/builds/e72d7bd5-3352-4a1d-a58f-93f6cc3fb419","dockerRegistry":"ARTIFACT_REGISTRY"},"versionId":"4","updateTime":"2023-01-19T14:53:36Z","buildId":"e3b29ac8-6eac-4518-a9dd-71fae517322a","buildName":"projects/297729356602/locations/us-central1/builds/e3b29ac8-6eac-4518-a9dd-71fae517322a"}}
[debug] [2023-01-19T14:53:39.014Z] [update-default-us-central1-app] Retrying task index 0
[debug] [2023-01-19T14:53:39.015Z] >>> [apiv2][query] GET https://cloudfunctions.googleapis.com/v1/operations/ZGlhcnkzMHdvb3NlcnZlci91cy1jZW50cmFsMS9hcHAvckY2SXVESjRoa0U [none]
[debug] [2023-01-19T14:53:39.648Z] <<< [apiv2][status] GET https://cloudfunctions.googleapis.com/v1/operations/ZGlhcnkzMHdvb3NlcnZlci91cy1jZW50cmFsMS9hcHAvckY2SXVESjRoa0U 200
[debug] [2023-01-19T14:53:39.649Z] <<< [apiv2][body] GET https://cloudfunctions.googleapis.com/v1/operations/ZGlhcnkzMHdvb3NlcnZlci91cy1jZW50cmFsMS9hcHAvckY2SXVESjRoa0U {"name":"operations/ZGlhcnkzMHdvb3NlcnZlci91cy1jZW50cmFsMS9hcHAvckY2SXVESjRoa0U","metadata":{"@type":"type.googleapis.com/google.cloud.functions.v1.OperationMetadataV1","target":"projects/diary30wooserver/locations/us-central1/functions/app","type":"UPDATE_FUNCTION","request":{"@type":"type.googleapis.com/google.cloud.functions.v1.CloudFunction","name":"projects/diary30wooserver/locations/us-central1/functions/app","httpsTrigger":{"url":"https://us-central1-diary30wooserver.cloudfunctions.net/app","securityLevel":"SECURE_ALWAYS"},"status":"ACTIVE","entryPoint":"app","timeout":"60s","availableMemoryMb":256,"serviceAccountEmail":"diary30wooserver@appspot.gserviceaccount.com","updateTime":"2023-01-19T14:34:23.759Z","versionId":"1","labels":{"deployment-tool":"cli-firebase","firebase-functions-hash":"63746a1e284c4d53e3bb2c6f3cce3790277154f4"},"sourceUploadUrl":"https://storage.googleapis.com/uploads-216035955744.us-central1.cloudfunctions.appspot.com/3c56271c-ccd5-425f-97b3-d89003a6b1fd.zip?GoogleAccessId=service-297729356602@gcf-admin-robot.iam.gserviceaccount.com&Expires=1674141814&Signature=CtokRQ6sqw4IidZ5jutDjhl%2FGMwgXv%2BXXucO%2FqxwBMn14%2BeY5m9uUqIdQsEOdUZ90eMYPczpSCJ6QkpU9H1v7jht%2BT1dvdDRuerQnSqillTin%2ByoUnacFnIuv9%2FO9h31RKZVGcxiIzT1AeAG65O7DwjhC7HphEJ9eKESaGGfFZPmuLNNSWMZFPvizm7oTgvsqJHXKs%2BZhx96qYoFChxPmqGapdELV%2BsyjwMZFNjYj5TtjvWAsN78CTuofNPWDLQi4CQd6WZ%2Bt9fCtF5z1A%2FU2AD51e9y9MtbJcheI%2Bq32eG5uSgncVmb2DKyZGQnnHw1NniL%2BvVBODSyV7C0XAKKsw%3D%3D","environmentVariables":{"FIREBASE_CONFIG":"{\"projectId\":\"diary30wooserver\",\"storageBucket\":\"diary30wooserver.appspot.com\"}","GCLOUD_PROJECT":"diary30wooserver","EVENTARC_CLOUD_EVENT_SOURCE":"projects/diary30wooserver/locations/us-central1/functions/app"},"runtime":"nodejs16","ingressSettings":"ALLOW_ALL","buildId":"e72d7bd5-3352-4a1d-a58f-93f6cc3fb419","buildName":"projects/297729356602/locations/us-central1/builds/e72d7bd5-3352-4a1d-a58f-93f6cc3fb419","dockerRegistry":"ARTIFACT_REGISTRY"},"versionId":"4","updateTime":"2023-01-19T14:53:36Z","buildId":"e3b29ac8-6eac-4518-a9dd-71fae517322a","buildName":"projects/297729356602/locations/us-central1/builds/e3b29ac8-6eac-4518-a9dd-71fae517322a"}}
[debug] [2023-01-19T14:53:41.651Z] [update-default-us-central1-app] Retrying task index 0
[debug] [2023-01-19T14:53:41.652Z] >>> [apiv2][query] GET https://cloudfunctions.googleapis.com/v1/operations/ZGlhcnkzMHdvb3NlcnZlci91cy1jZW50cmFsMS9hcHAvckY2SXVESjRoa0U [none]
[debug] [2023-01-19T14:53:42.412Z] <<< [apiv2][status] GET https://cloudfunctions.googleapis.com/v1/operations/ZGlhcnkzMHdvb3NlcnZlci91cy1jZW50cmFsMS9hcHAvckY2SXVESjRoa0U 200
[debug] [2023-01-19T14:53:42.412Z] <<< [apiv2][body] GET https://cloudfunctions.googleapis.com/v1/operations/ZGlhcnkzMHdvb3NlcnZlci91cy1jZW50cmFsMS9hcHAvckY2SXVESjRoa0U {"name":"operations/ZGlhcnkzMHdvb3NlcnZlci91cy1jZW50cmFsMS9hcHAvckY2SXVESjRoa0U","metadata":{"@type":"type.googleapis.com/google.cloud.functions.v1.OperationMetadataV1","target":"projects/diary30wooserver/locations/us-central1/functions/app","type":"UPDATE_FUNCTION","request":{"@type":"type.googleapis.com/google.cloud.functions.v1.CloudFunction","name":"projects/diary30wooserver/locations/us-central1/functions/app","httpsTrigger":{"url":"https://us-central1-diary30wooserver.cloudfunctions.net/app","securityLevel":"SECURE_ALWAYS"},"status":"ACTIVE","entryPoint":"app","timeout":"60s","availableMemoryMb":256,"serviceAccountEmail":"diary30wooserver@appspot.gserviceaccount.com","updateTime":"2023-01-19T14:34:23.759Z","versionId":"1","labels":{"deployment-tool":"cli-firebase","firebase-functions-hash":"63746a1e284c4d53e3bb2c6f3cce3790277154f4"},"sourceUploadUrl":"https://storage.googleapis.com/uploads-216035955744.us-central1.cloudfunctions.appspot.com/3c56271c-ccd5-425f-97b3-d89003a6b1fd.zip?GoogleAccessId=service-297729356602@gcf-admin-robot.iam.gserviceaccount.com&Expires=1674141814&Signature=CtokRQ6sqw4IidZ5jutDjhl%2FGMwgXv%2BXXucO%2FqxwBMn14%2BeY5m9uUqIdQsEOdUZ90eMYPczpSCJ6QkpU9H1v7jht%2BT1dvdDRuerQnSqillTin%2ByoUnacFnIuv9%2FO9h31RKZVGcxiIzT1AeAG65O7DwjhC7HphEJ9eKESaGGfFZPmuLNNSWMZFPvizm7oTgvsqJHXKs%2BZhx96qYoFChxPmqGapdELV%2BsyjwMZFNjYj5TtjvWAsN78CTuofNPWDLQi4CQd6WZ%2Bt9fCtF5z1A%2FU2AD51e9y9MtbJcheI%2Bq32eG5uSgncVmb2DKyZGQnnHw1NniL%2BvVBODSyV7C0XAKKsw%3D%3D","environmentVariables":{"FIREBASE_CONFIG":"{\"projectId\":\"diary30wooserver\",\"storageBucket\":\"diary30wooserver.appspot.com\"}","GCLOUD_PROJECT":"diary30wooserver","EVENTARC_CLOUD_EVENT_SOURCE":"projects/diary30wooserver/locations/us-central1/functions/app"},"runtime":"nodejs16","ingressSettings":"ALLOW_ALL","buildId":"e72d7bd5-3352-4a1d-a58f-93f6cc3fb419","buildName":"projects/297729356602/locations/us-central1/builds/e72d7bd5-3352-4a1d-a58f-93f6cc3fb419","dockerRegistry":"ARTIFACT_REGISTRY"},"versionId":"4","updateTime":"2023-01-19T14:53:36Z","buildId":"e3b29ac8-6eac-4518-a9dd-71fae517322a","buildName":"projects/297729356602/locations/us-central1/builds/e3b29ac8-6eac-4518-a9dd-71fae517322a"}}
[debug] [2023-01-19T14:53:46.414Z] [update-default-us-central1-app] Retrying task index 0
[debug] [2023-01-19T14:53:46.415Z] >>> [apiv2][query] GET https://cloudfunctions.googleapis.com/v1/operations/ZGlhcnkzMHdvb3NlcnZlci91cy1jZW50cmFsMS9hcHAvckY2SXVESjRoa0U [none]
[debug] [2023-01-19T14:53:46.858Z] <<< [apiv2][status] GET https://cloudfunctions.googleapis.com/v1/operations/ZGlhcnkzMHdvb3NlcnZlci91cy1jZW50cmFsMS9hcHAvckY2SXVESjRoa0U 200
[debug] [2023-01-19T14:53:46.858Z] <<< [apiv2][body] GET https://cloudfunctions.googleapis.com/v1/operations/ZGlhcnkzMHdvb3NlcnZlci91cy1jZW50cmFsMS9hcHAvckY2SXVESjRoa0U {"name":"operations/ZGlhcnkzMHdvb3NlcnZlci91cy1jZW50cmFsMS9hcHAvckY2SXVESjRoa0U","metadata":{"@type":"type.googleapis.com/google.cloud.functions.v1.OperationMetadataV1","target":"projects/diary30wooserver/locations/us-central1/functions/app","type":"UPDATE_FUNCTION","request":{"@type":"type.googleapis.com/google.cloud.functions.v1.CloudFunction","name":"projects/diary30wooserver/locations/us-central1/functions/app","httpsTrigger":{"url":"https://us-central1-diary30wooserver.cloudfunctions.net/app","securityLevel":"SECURE_ALWAYS"},"status":"ACTIVE","entryPoint":"app","timeout":"60s","availableMemoryMb":256,"serviceAccountEmail":"diary30wooserver@appspot.gserviceaccount.com","updateTime":"2023-01-19T14:34:23.759Z","versionId":"1","labels":{"deployment-tool":"cli-firebase","firebase-functions-hash":"63746a1e284c4d53e3bb2c6f3cce3790277154f4"},"sourceUploadUrl":"https://storage.googleapis.com/uploads-216035955744.us-central1.cloudfunctions.appspot.com/3c56271c-ccd5-425f-97b3-d89003a6b1fd.zip?GoogleAccessId=service-297729356602@gcf-admin-robot.iam.gserviceaccount.com&Expires=1674141814&Signature=CtokRQ6sqw4IidZ5jutDjhl%2FGMwgXv%2BXXucO%2FqxwBMn14%2BeY5m9uUqIdQsEOdUZ90eMYPczpSCJ6QkpU9H1v7jht%2BT1dvdDRuerQnSqillTin%2ByoUnacFnIuv9%2FO9h31RKZVGcxiIzT1AeAG65O7DwjhC7HphEJ9eKESaGGfFZPmuLNNSWMZFPvizm7oTgvsqJHXKs%2BZhx96qYoFChxPmqGapdELV%2BsyjwMZFNjYj5TtjvWAsN78CTuofNPWDLQi4CQd6WZ%2Bt9fCtF5z1A%2FU2AD51e9y9MtbJcheI%2Bq32eG5uSgncVmb2DKyZGQnnHw1NniL%2BvVBODSyV7C0XAKKsw%3D%3D","environmentVariables":{"FIREBASE_CONFIG":"{\"projectId\":\"diary30wooserver\",\"storageBucket\":\"diary30wooserver.appspot.com\"}","GCLOUD_PROJECT":"diary30wooserver","EVENTARC_CLOUD_EVENT_SOURCE":"projects/diary30wooserver/locations/us-central1/functions/app"},"runtime":"nodejs16","ingressSettings":"ALLOW_ALL","buildId":"e72d7bd5-3352-4a1d-a58f-93f6cc3fb419","buildName":"projects/297729356602/locations/us-central1/builds/e72d7bd5-3352-4a1d-a58f-93f6cc3fb419","dockerRegistry":"ARTIFACT_REGISTRY"},"versionId":"4","updateTime":"2023-01-19T14:53:36Z","buildId":"e3b29ac8-6eac-4518-a9dd-71fae517322a","buildName":"projects/297729356602/locations/us-central1/builds/e3b29ac8-6eac-4518-a9dd-71fae517322a"}}
[debug] [2023-01-19T14:53:54.860Z] [update-default-us-central1-app] Retrying task index 0
[debug] [2023-01-19T14:53:54.860Z] >>> [apiv2][query] GET https://cloudfunctions.googleapis.com/v1/operations/ZGlhcnkzMHdvb3NlcnZlci91cy1jZW50cmFsMS9hcHAvckY2SXVESjRoa0U [none]
[debug] [2023-01-19T14:53:55.523Z] <<< [apiv2][status] GET https://cloudfunctions.googleapis.com/v1/operations/ZGlhcnkzMHdvb3NlcnZlci91cy1jZW50cmFsMS9hcHAvckY2SXVESjRoa0U 200
[debug] [2023-01-19T14:53:55.523Z] <<< [apiv2][body] GET https://cloudfunctions.googleapis.com/v1/operations/ZGlhcnkzMHdvb3NlcnZlci91cy1jZW50cmFsMS9hcHAvckY2SXVESjRoa0U {"name":"operations/ZGlhcnkzMHdvb3NlcnZlci91cy1jZW50cmFsMS9hcHAvckY2SXVESjRoa0U","metadata":{"@type":"type.googleapis.com/google.cloud.functions.v1.OperationMetadataV1","target":"projects/diary30wooserver/locations/us-central1/functions/app","type":"UPDATE_FUNCTION","request":{"@type":"type.googleapis.com/google.cloud.functions.v1.CloudFunction","name":"projects/diary30wooserver/locations/us-central1/functions/app","httpsTrigger":{"url":"https://us-central1-diary30wooserver.cloudfunctions.net/app","securityLevel":"SECURE_ALWAYS"},"status":"ACTIVE","entryPoint":"app","timeout":"60s","availableMemoryMb":256,"serviceAccountEmail":"diary30wooserver@appspot.gserviceaccount.com","updateTime":"2023-01-19T14:34:23.759Z","versionId":"1","labels":{"deployment-tool":"cli-firebase","firebase-functions-hash":"63746a1e284c4d53e3bb2c6f3cce3790277154f4"},"sourceUploadUrl":"https://storage.googleapis.com/uploads-216035955744.us-central1.cloudfunctions.appspot.com/3c56271c-ccd5-425f-97b3-d89003a6b1fd.zip?GoogleAccessId=service-297729356602@gcf-admin-robot.iam.gserviceaccount.com&Expires=1674141814&Signature=CtokRQ6sqw4IidZ5jutDjhl%2FGMwgXv%2BXXucO%2FqxwBMn14%2BeY5m9uUqIdQsEOdUZ90eMYPczpSCJ6QkpU9H1v7jht%2BT1dvdDRuerQnSqillTin%2ByoUnacFnIuv9%2FO9h31RKZVGcxiIzT1AeAG65O7DwjhC7HphEJ9eKESaGGfFZPmuLNNSWMZFPvizm7oTgvsqJHXKs%2BZhx96qYoFChxPmqGapdELV%2BsyjwMZFNjYj5TtjvWAsN78CTuofNPWDLQi4CQd6WZ%2Bt9fCtF5z1A%2FU2AD51e9y9MtbJcheI%2Bq32eG5uSgncVmb2DKyZGQnnHw1NniL%2BvVBODSyV7C0XAKKsw%3D%3D","environmentVariables":{"FIREBASE_CONFIG":"{\"projectId\":\"diary30wooserver\",\"storageBucket\":\"diary30wooserver.appspot.com\"}","GCLOUD_PROJECT":"diary30wooserver","EVENTARC_CLOUD_EVENT_SOURCE":"projects/diary30wooserver/locations/us-central1/functions/app"},"runtime":"nodejs16","ingressSettings":"ALLOW_ALL","buildId":"e72d7bd5-3352-4a1d-a58f-93f6cc3fb419","buildName":"projects/297729356602/locations/us-central1/builds/e72d7bd5-3352-4a1d-a58f-93f6cc3fb419","dockerRegistry":"ARTIFACT_REGISTRY"},"versionId":"4","updateTime":"2023-01-19T14:53:36Z","buildId":"e3b29ac8-6eac-4518-a9dd-71fae517322a","buildName":"projects/297729356602/locations/us-central1/builds/e3b29ac8-6eac-4518-a9dd-71fae517322a"}}
